#! /usr/bin/vvp
:ivl_version "12.0 (stable)";
:ivl_delay_selection "TYPICAL";
:vpi_time_precision - 12;
:vpi_module "/usr/lib/x86_64-linux-gnu/ivl/system.vpi";
:vpi_module "/usr/lib/x86_64-linux-gnu/ivl/vhdl_sys.vpi";
:vpi_module "/usr/lib/x86_64-linux-gnu/ivl/vhdl_textio.vpi";
:vpi_module "/usr/lib/x86_64-linux-gnu/ivl/v2005_math.vpi";
:vpi_module "/usr/lib/x86_64-linux-gnu/ivl/va_math.vpi";
S_0x555ea59567e0 .scope module, "tb" "tb" 2 7;
 .timescale -9 -12;
P_0x555ea5956970 .param/l "ALIGNER_WIDTH" 0 2 26, +C4<00000000000000000000000000101000>;
P_0x555ea59569b0 .param/l "ENABLE_SHARED_SCALING" 0 2 31, +C4<00000000000000000000000000000001>;
P_0x555ea59569f0 .param/l "SUPPORT_ADV_ROUNDING" 0 2 29, +C4<00000000000000000000000000000001>;
P_0x555ea5956a30 .param/l "SUPPORT_MIXED_PRECISION" 0 2 30, +C4<00000000000000000000000000000001>;
P_0x555ea5956a70 .param/l "SUPPORT_MXFP4" 0 2 28, +C4<00000000000000000000000000000001>;
P_0x555ea5956ab0 .param/l "SUPPORT_MXFP6" 0 2 27, +C4<00000000000000000000000000000001>;
v0x555ea5968dd0_0 .var "clk", 0 0;
v0x555ea5968e90_0 .var "ena", 0 0;
v0x555ea5968f60_0 .var "rst_n", 0 0;
v0x555ea5969060_0 .var "ui_in", 7 0;
v0x555ea5969130_0 .var "uio_in", 7 0;
o0x7f636cfe5108 .functor BUFZ 8, C4<zzzzzzzz>; HiZ drive
v0x555ea59691d0_0 .net "uio_oe", 7 0, o0x7f636cfe5108;  0 drivers
o0x7f636cfe5138 .functor BUFZ 8, C4<zzzzzzzz>; HiZ drive
v0x555ea59692a0_0 .net "uio_out", 7 0, o0x7f636cfe5138;  0 drivers
o0x7f636cfe5168 .functor BUFZ 8, C4<zzzzzzzz>; HiZ drive
v0x555ea5969370_0 .net "uo_out", 7 0, o0x7f636cfe5168;  0 drivers
S_0x555ea591b490 .scope module, "user_project" "tt_um_chatelao_fp8_multiplier" 2 44, 3 1 0, S_0x555ea59567e0;
 .timescale -9 -12;
    .port_info 0 /INPUT 8 "ui_in";
    .port_info 1 /OUTPUT 8 "uo_out";
    .port_info 2 /INPUT 8 "uio_in";
    .port_info 3 /OUTPUT 8 "uio_out";
    .port_info 4 /OUTPUT 8 "uio_oe";
    .port_info 5 /INPUT 1 "ena";
    .port_info 6 /INPUT 1 "clk";
    .port_info 7 /INPUT 1 "rst_n";
v0x555ea5955a90_0 .net "clk", 0 0, v0x555ea5968dd0_0;  1 drivers
v0x555ea5955920_0 .net "ena", 0 0, v0x555ea5968e90_0;  1 drivers
v0x555ea5955c00_0 .net "rst_n", 0 0, v0x555ea5968f60_0;  1 drivers
v0x555ea59687d0_0 .net "ui_in", 7 0, v0x555ea5969060_0;  1 drivers
v0x555ea59688b0_0 .net "uio_in", 7 0, v0x555ea5969130_0;  1 drivers
v0x555ea59689e0_0 .net "uio_oe", 7 0, o0x7f636cfe5108;  alias, 0 drivers
v0x555ea5968ac0_0 .net "uio_out", 7 0, o0x7f636cfe5138;  alias, 0 drivers
v0x555ea5968ba0_0 .net "uo_out", 7 0, o0x7f636cfe5168;  alias, 0 drivers
    .scope S_0x555ea59567e0;
T_0 ;
    %vpi_call 2 11 "$dumpfile", "tb.fst" {0 0 0};
    %vpi_call 2 12 "$dumpvars", 32'sb00000000000000000000000000000000, S_0x555ea59567e0 {0 0 0};
    %delay 1000, 0;
    %end;
    .thread T_0;
# The file index is used to find the file name in the following table.
:file_names 4;
    "N/A";
    "<interactive>";
    "test/tb.v";
    "mock_gl.v";
